[ERROR 2018-08-24 09:55:37]Response body != expected_msg, expected_msg is {"error":"继续操作前请注册或者登录9."}, body is {"error":"继续操作前请注册或者登录."}
[ERROR 2018-08-24 09:59:43]Response body != expected_msg, expected_msg is {"error":"继续操作前请注册或者登录9."}, body is {"error":"继续操作前请注册或者登录."}
[ERROR 2018-08-24 10:00:11]Response time > expected_time, expected_time is 400, time is 482.745
[ERROR 2018-08-24 10:00:12]Response body != expected_msg, expected_msg is {"error":"继续操作前请注册或者登录9."}, body is {"error":"继续操作前请注册或者登录."}
[ERROR 2018-08-25 21:49:38]Response time > expected_time, expected_time is 100, time is 671.038
[ERROR 2018-08-25 21:49:41]statusCode error, expected_code is 208, statusCode is 200 
[ERROR 2019-05-17 16:42:32]邮件发送失败，请检查邮件配置
[ERROR 2019-05-17 16:42:32]发送邮件失败，请检查邮件配置
[ERROR 2019-05-17 16:51:33]邮件发送失败，请检查邮件配置
[ERROR 2019-05-17 16:51:33]发送邮件失败，请检查邮件配置
[ERROR 2019-05-17 16:51:59]邮件发送失败，请检查邮件配置
[ERROR 2019-05-17 16:51:59]发送邮件失败，请检查邮件配置
[ERROR 2019-05-17 16:52:13]邮件发送失败，请检查邮件配置
[ERROR 2019-05-17 16:52:13]发送邮件失败，请检查邮件配置
[ERROR 2019-05-17 17:10:14]邮件发送失败，请检查邮件配置
[ERROR 2019-05-17 17:10:30]发送邮件失败，请检查邮件配置
[ERROR 2019-05-17 17:25:29]邮件发送失败，请检查邮件配置
[ERROR 2019-05-17 17:25:29]发送邮件失败，请检查邮件配置
[ERROR 2019-05-17 17:26:59]邮件发送失败，请检查邮件配置
[ERROR 2019-05-17 17:26:59]发送邮件失败，请检查邮件配置
[ERROR 2019-05-21 10:12:12]邮件发送失败，请检查邮件配置
[ERROR 2019-05-21 10:12:12]发送邮件失败，请检查邮件配置
[ERROR 2019-05-21 10:16:48]邮件发送失败，请检查邮件配置
[ERROR 2019-05-21 10:16:48]发送邮件失败，请检查邮件配置
[ERROR 2019-05-21 10:31:09]邮件发送失败，请检查邮件配置
[ERROR 2019-05-21 10:31:09]发送邮件失败，请检查邮件配置
[ERROR 2019-05-21 11:15:00]邮件发送失败，请检查邮件配置
[ERROR 2019-05-21 11:15:00]发送邮件失败，请检查邮件配置
